# JRE version: Java(TM) SE Runtime Environment (8.0_271-b09) (build 1.8.0_271-b09)
# Java VM: Java HotSpot(TM) 64-Bit Server VM (25.271-b09 mixed mode windows-amd64 compressed oops)
Heap:
 PSYoungGen      total 214016K, used 32634K [0x00000000eb400000, 0x00000000fa280000, 0x0000000100000000)
  eden space 199680K, 16% used [0x00000000eb400000,0x00000000ed3deaf8,0x00000000f7700000)
  from space 14336K, 0% used [0x00000000f8500000,0x00000000f8500000,0x00000000f9300000)
  to   space 14336K, 0% used [0x00000000f7700000,0x00000000f7700000,0x00000000f8500000)
 ParOldGen       total 75264K, used 32306K [0x00000000c1c00000, 0x00000000c6580000, 0x00000000eb400000)
  object space 75264K, 42% used [0x00000000c1c00000,0x00000000c3b8cbd8,0x00000000c6580000)
 Metaspace       used 27331K, capacity 27962K, committed 30208K, reserved 1075200K
  class space    used 3051K, capacity 3227K, committed 3584K, reserved 1048576K
GC Heap History (10 events):
Event: 23.844 GC heap before
{Heap before GC invocations=12 (full 1):
 PSYoungGen      total 111104K, used 2297K [0x00000000eb400000, 0x00000000f6680000, 0x0000000100000000)
  eden space 101888K, 0% used [0x00000000eb400000,0x00000000eb400000,0x00000000f1780000)
  from space 9216K, 24% used [0x00000000f1780000,0x00000000f19be4e8,0x00000000f2080000)
  to   space 9728K, 0% used [0x00000000f5d00000,0x00000000f5d00000,0x00000000f6680000)
 ParOldGen       total 44032K, used 19489K [0x00000000c1c00000, 0x00000000c4700000, 0x00000000eb400000)
  object space 44032K, 44% used [0x00000000c1c00000,0x00000000c2f08640,0x00000000c4700000)
 Metaspace       used 20647K, capacity 21140K, committed 21248K, reserved 1069056K
  class space    used 2390K, capacity 2523K, committed 2560K, reserved 1048576K
Event: 24.014 GC heap after
Heap after GC invocations=12 (full 1):
 PSYoungGen      total 111104K, used 0K [0x00000000eb400000, 0x00000000f6680000, 0x0000000100000000)
  eden space 101888K, 0% used [0x00000000eb400000,0x00000000eb400000,0x00000000f1780000)
  from space 9216K, 0% used [0x00000000f1780000,0x00000000f1780000,0x00000000f2080000)
  to   space 9728K, 0% used [0x00000000f5d00000,0x00000000f5d00000,0x00000000f6680000)
 ParOldGen       total 41472K, used 14735K [0x00000000c1c00000, 0x00000000c4480000, 0x00000000eb400000)
  object space 41472K, 35% used [0x00000000c1c00000,0x00000000c2a63f20,0x00000000c4480000)
 Metaspace       used 20647K, capacity 21140K, committed 21248K, reserved 1069056K
  class space    used 2390K, capacity 2523K, committed 2560K, reserved 1048576K
}
Event: 27.045 GC heap before
{Heap before GC invocations=13 (full 1):
 PSYoungGen      total 111104K, used 101888K [0x00000000eb400000, 0x00000000f6680000, 0x0000000100000000)
  eden space 101888K, 100% used [0x00000000eb400000,0x00000000f1780000,0x00000000f1780000)
  from space 9216K, 0% used [0x00000000f1780000,0x00000000f1780000,0x00000000f2080000)
  to   space 9728K, 0% used [0x00000000f5d00000,0x00000000f5d00000,0x00000000f6680000)
 ParOldGen       total 41472K, used 14735K [0x00000000c1c00000, 0x00000000c4480000, 0x00000000eb400000)
  object space 41472K, 35% used [0x00000000c1c00000,0x00000000c2a63f20,0x00000000c4480000)
 Metaspace       used 23506K, capacity 24086K, committed 24448K, reserved 1071104K
  class space    used 2691K, capacity 2821K, committed 2944K, reserved 1048576K
Event: 27.101 GC heap after
Heap after GC invocations=13 (full 1):
 PSYoungGen      total 153088K, used 9720K [0x00000000eb400000, 0x00000000f6680000, 0x0000000100000000)
  eden space 143360K, 0% used [0x00000000eb400000,0x00000000eb400000,0x00000000f4000000)
  from space 9728K, 99% used [0x00000000f5d00000,0x00000000f667e080,0x00000000f6680000)
  to   space 13312K, 0% used [0x00000000f4c80000,0x00000000f4c80000,0x00000000f5980000)
 ParOldGen       total 41472K, used 20899K [0x00000000c1c00000, 0x00000000c4480000, 0x00000000eb400000)
  object space 41472K, 50% used [0x00000000c1c00000,0x00000000c3068ca0,0x00000000c4480000)
 Metaspace       used 23506K, capacity 24086K, committed 24448K, reserved 1071104K
  class space    used 2691K, capacity 2821K, committed 2944K, reserved 1048576K
}
Event: 35.126 GC heap before
{Heap before GC invocations=14 (full 1):
 PSYoungGen      total 153088K, used 153080K [0x00000000eb400000, 0x00000000f6680000, 0x0000000100000000)
  eden space 143360K, 100% used [0x00000000eb400000,0x00000000f4000000,0x00000000f4000000)
  from space 9728K, 99% used [0x00000000f5d00000,0x00000000f667e080,0x00000000f6680000)
  to   space 13312K, 0% used [0x00000000f4c80000,0x00000000f4c80000,0x00000000f5980000)
 ParOldGen       total 41472K, used 20899K [0x00000000c1c00000, 0x00000000c4480000, 0x00000000eb400000)
  object space 41472K, 50% used [0x00000000c1c00000,0x00000000c3068ca0,0x00000000c4480000)
 Metaspace       used 26296K, capacity 26990K, committed 27264K, reserved 1073152K
  class space    used 2984K, capacity 3143K, committed 3200K, reserved 1048576K
Event: 35.217 GC heap after
Heap after GC invocations=14 (full 1):
 PSYoungGen      total 169472K, used 11068K [0x00000000eb400000, 0x00000000f9300000, 0x0000000100000000)
  eden space 156160K, 0% used [0x00000000eb400000,0x00000000eb400000,0x00000000f4c80000)
  from space 13312K, 83% used [0x00000000f4c80000,0x00000000f574f1e8,0x00000000f5980000)
  to   space 14336K, 0% used [0x00000000f8500000,0x00000000f8500000,0x00000000f9300000)
 ParOldGen       total 41472K, used 30526K [0x00000000c1c00000, 0x00000000c4480000, 0x00000000eb400000)
  object space 41472K, 73% used [0x00000000c1c00000,0x00000000c39cf810,0x00000000c4480000)
 Metaspace       used 26296K, capacity 26990K, committed 27264K, reserved 1073152K
  class space    used 2984K, capacity 3143K, committed 3200K, reserved 1048576K
}
Event: 45.155 GC heap before
{Heap before GC invocations=15 (full 1):
 PSYoungGen      total 169472K, used 167228K [0x00000000eb400000, 0x00000000f9300000, 0x0000000100000000)
  eden space 156160K, 100% used [0x00000000eb400000,0x00000000f4c80000,0x00000000f4c80000)
  from space 13312K, 83% used [0x00000000f4c80000,0x00000000f574f1e8,0x00000000f5980000)
  to   space 14336K, 0% used [0x00000000f8500000,0x00000000f8500000,0x00000000f9300000)
 ParOldGen       total 41472K, used 30526K [0x00000000c1c00000, 0x00000000c4480000, 0x00000000eb400000)
  object space 41472K, 73% used [0x00000000c1c00000,0x00000000c39cf810,0x00000000c4480000)
 Metaspace       used 29230K, capacity 30040K, committed 30208K, reserved 1075200K
  class space    used 3302K, capacity 3514K, committed 3584K, reserved 1048576K
Event: 45.236 GC heap after
Heap after GC invocations=15 (full 1):
 PSYoungGen      total 214016K, used 8649K [0x00000000eb400000, 0x00000000fa280000, 0x0000000100000000)
  eden space 199680K, 0% used [0x00000000eb400000,0x00000000eb400000,0x00000000f7700000)
  from space 14336K, 60% used [0x00000000f8500000,0x00000000f8d724c0,0x00000000f9300000)
  to   space 14336K, 0% used [0x00000000f7700000,0x00000000f7700000,0x00000000f8500000)
 ParOldGen       total 41472K, used 40108K [0x00000000c1c00000, 0x00000000c4480000, 0x00000000eb400000)
  object space 41472K, 96% used [0x00000000c1c00000,0x00000000c432b220,0x00000000c4480000)
 Metaspace       used 29230K, capacity 30040K, committed 30208K, reserved 1075200K
  class space    used 3302K, capacity 3514K, committed 3584K, reserved 1048576K
}
Event: 45.236 GC heap before
{Heap before GC invocations=16 (full 2):
 PSYoungGen      total 214016K, used 8649K [0x00000000eb400000, 0x00000000fa280000, 0x0000000100000000)
  eden space 199680K, 0% used [0x00000000eb400000,0x00000000eb400000,0x00000000f7700000)
  from space 14336K, 60% used [0x00000000f8500000,0x00000000f8d724c0,0x00000000f9300000)
  to   space 14336K, 0% used [0x00000000f7700000,0x00000000f7700000,0x00000000f8500000)
 ParOldGen       total 41472K, used 40108K [0x00000000c1c00000, 0x00000000c4480000, 0x00000000eb400000)
  object space 41472K, 96% used [0x00000000c1c00000,0x00000000c432b220,0x00000000c4480000)
 Metaspace       used 29230K, capacity 30040K, committed 30208K, reserved 1075200K
  class space    used 3302K, capacity 3514K, committed 3584K, reserved 1048576K
Event: 45.549 GC heap after
Heap after GC invocations=16 (full 2):
 PSYoungGen      total 214016K, used 0K [0x00000000eb400000, 0x00000000fa280000, 0x0000000100000000)
  eden space 199680K, 0% used [0x00000000eb400000,0x00000000eb400000,0x00000000f7700000)
  from space 14336K, 0% used [0x00000000f8500000,0x00000000f8500000,0x00000000f9300000)
  to   space 14336K, 0% used [0x00000000f7700000,0x00000000f7700000,0x00000000f8500000)
 ParOldGen       total 75264K, used 32306K [0x00000000c1c00000, 0x00000000c6580000, 0x00000000eb400000)
  object space 75264K, 42% used [0x00000000c1c00000,0x00000000c3b8cbd8,0x00000000c6580000)
 Metaspace       used 26410K, capacity 27034K, committed 30208K, reserved 1075200K
  class space    used 2952K, capacity 3131K, committed 3584K, reserved 1048576K
}

