# JRE version: Java(TM) SE Runtime Environment (8.0_271-b09) (build 1.8.0_271-b09)
# Java VM: Java HotSpot(TM) 64-Bit Server VM (25.271-b09 mixed mode windows-amd64 compressed oops)
Heap:
 PSYoungGen      total 101888K, used 4855K [0x00000000eb400000, 0x00000000f2e00000, 0x0000000100000000)
  eden space 92672K, 0% used [0x00000000eb400000,0x00000000eb400000,0x00000000f0e80000)
  from space 9216K, 52% used [0x00000000f0e80000,0x00000000f133dc78,0x00000000f1780000)
  to   space 8704K, 0% used [0x00000000f1780000,0x00000000f1780000,0x00000000f2000000)
 ParOldGen       total 43008K, used 11360K [0x00000000c1c00000, 0x00000000c4600000, 0x00000000eb400000)
  object space 43008K, 26% used [0x00000000c1c00000,0x00000000c2718100,0x00000000c4600000)
 Metaspace       used 37561K, capacity 40134K, committed 40320K, reserved 1083392K
  class space    used 5029K, capacity 5491K, committed 5504K, reserved 1048576K
GC Heap History (10 events):
Event: 11.000 GC heap after
Heap after GC invocations=10 (full 1):
 PSYoungGen      total 58368K, used 5524K [0x00000000eb400000, 0x00000000f0780000, 0x0000000100000000)
  eden space 51200K, 0% used [0x00000000eb400000,0x00000000eb400000,0x00000000ee600000)
  from space 7168K, 77% used [0x00000000ee600000,0x00000000eeb652c0,0x00000000eed00000)
  to   space 7168K, 0% used [0x00000000f0080000,0x00000000f0080000,0x00000000f0780000)
 ParOldGen       total 33792K, used 6700K [0x00000000c1c00000, 0x00000000c3d00000, 0x00000000eb400000)
  object space 33792K, 19% used [0x00000000c1c00000,0x00000000c228b340,0x00000000c3d00000)
 Metaspace       used 25001K, capacity 26654K, committed 26752K, reserved 1073152K
  class space    used 3356K, capacity 3699K, committed 3712K, reserved 1048576K
}
Event: 13.407 GC heap before
{Heap before GC invocations=11 (full 1):
 PSYoungGen      total 58368K, used 56724K [0x00000000eb400000, 0x00000000f0780000, 0x0000000100000000)
  eden space 51200K, 100% used [0x00000000eb400000,0x00000000ee600000,0x00000000ee600000)
  from space 7168K, 77% used [0x00000000ee600000,0x00000000eeb652c0,0x00000000eed00000)
  to   space 7168K, 0% used [0x00000000f0080000,0x00000000f0080000,0x00000000f0780000)
 ParOldGen       total 33792K, used 6700K [0x00000000c1c00000, 0x00000000c3d00000, 0x00000000eb400000)
  object space 33792K, 19% used [0x00000000c1c00000,0x00000000c228b340,0x00000000c3d00000)
 Metaspace       used 29395K, capacity 31210K, committed 31488K, reserved 1077248K
  class space    used 3947K, capacity 4303K, committed 4352K, reserved 1048576K
Event: 13.427 GC heap after
Heap after GC invocations=11 (full 1):
 PSYoungGen      total 76800K, used 7160K [0x00000000eb400000, 0x00000000f0980000, 0x0000000100000000)
  eden space 69632K, 0% used [0x00000000eb400000,0x00000000eb400000,0x00000000ef800000)
  from space 7168K, 99% used [0x00000000f0080000,0x00000000f077e328,0x00000000f0780000)
  to   space 8704K, 0% used [0x00000000ef800000,0x00000000ef800000,0x00000000f0080000)
 ParOldGen       total 33792K, used 8495K [0x00000000c1c00000, 0x00000000c3d00000, 0x00000000eb400000)
  object space 33792K, 25% used [0x00000000c1c00000,0x00000000c244bfc0,0x00000000c3d00000)
 Metaspace       used 29395K, capacity 31210K, committed 31488K, reserved 1077248K
  class space    used 3947K, capacity 4303K, committed 4352K, reserved 1048576K
}
Event: 18.480 GC heap before
{Heap before GC invocations=12 (full 1):
 PSYoungGen      total 76800K, used 76792K [0x00000000eb400000, 0x00000000f0980000, 0x0000000100000000)
  eden space 69632K, 100% used [0x00000000eb400000,0x00000000ef800000,0x00000000ef800000)
  from space 7168K, 99% used [0x00000000f0080000,0x00000000f077e328,0x00000000f0780000)
  to   space 8704K, 0% used [0x00000000ef800000,0x00000000ef800000,0x00000000f0080000)
 ParOldGen       total 33792K, used 8495K [0x00000000c1c00000, 0x00000000c3d00000, 0x00000000eb400000)
  object space 33792K, 25% used [0x00000000c1c00000,0x00000000c244bfc0,0x00000000c3d00000)
 Metaspace       used 33071K, capacity 35348K, committed 35456K, reserved 1079296K
  class space    used 4480K, capacity 4906K, committed 4992K, reserved 1048576K
Event: 18.505 GC heap after
Heap after GC invocations=12 (full 1):
 PSYoungGen      total 78336K, used 5774K [0x00000000eb400000, 0x00000000f2000000, 0x0000000100000000)
  eden space 69632K, 0% used [0x00000000eb400000,0x00000000eb400000,0x00000000ef800000)
  from space 8704K, 66% used [0x00000000ef800000,0x00000000efda3a38,0x00000000f0080000)
  to   space 8704K, 0% used [0x00000000f1780000,0x00000000f1780000,0x00000000f2000000)
 ParOldGen       total 33792K, used 11142K [0x00000000c1c00000, 0x00000000c3d00000, 0x00000000eb400000)
  object space 33792K, 32% used [0x00000000c1c00000,0x00000000c26e1808,0x00000000c3d00000)
 Metaspace       used 33071K, capacity 35348K, committed 35456K, reserved 1079296K
  class space    used 4480K, capacity 4906K, committed 4992K, reserved 1048576K
}
Event: 18.531 GC heap before
{Heap before GC invocations=13 (full 1):
 PSYoungGen      total 78336K, used 6847K [0x00000000eb400000, 0x00000000f2000000, 0x0000000100000000)
  eden space 69632K, 1% used [0x00000000eb400000,0x00000000eb50c490,0x00000000ef800000)
  from space 8704K, 66% used [0x00000000ef800000,0x00000000efda3a38,0x00000000f0080000)
  to   space 8704K, 0% used [0x00000000f1780000,0x00000000f1780000,0x00000000f2000000)
 ParOldGen       total 33792K, used 11142K [0x00000000c1c00000, 0x00000000c3d00000, 0x00000000eb400000)
  object space 33792K, 32% used [0x00000000c1c00000,0x00000000c26e1808,0x00000000c3d00000)
 Metaspace       used 33101K, capacity 35354K, committed 35456K, reserved 1079296K
  class space    used 4487K, capacity 4907K, committed 4992K, reserved 1048576K
Event: 18.541 GC heap after
Heap after GC invocations=13 (full 1):
 PSYoungGen      total 101376K, used 160K [0x00000000eb400000, 0x00000000f2e00000, 0x0000000100000000)
  eden space 92672K, 0% used [0x00000000eb400000,0x00000000eb400000,0x00000000f0e80000)
  from space 8704K, 1% used [0x00000000f1780000,0x00000000f17a8000,0x00000000f2000000)
  to   space 9216K, 0% used [0x00000000f0e80000,0x00000000f0e80000,0x00000000f1780000)
 ParOldGen       total 33792K, used 14030K [0x00000000c1c00000, 0x00000000c3d00000, 0x00000000eb400000)
  object space 33792K, 41% used [0x00000000c1c00000,0x00000000c29b3848,0x00000000c3d00000)
 Metaspace       used 33101K, capacity 35354K, committed 35456K, reserved 1079296K
  class space    used 4487K, capacity 4907K, committed 4992K, reserved 1048576K
}
Event: 18.541 GC heap before
{Heap before GC invocations=14 (full 2):
 PSYoungGen      total 101376K, used 160K [0x00000000eb400000, 0x00000000f2e00000, 0x0000000100000000)
  eden space 92672K, 0% used [0x00000000eb400000,0x00000000eb400000,0x00000000f0e80000)
  from space 8704K, 1% used [0x00000000f1780000,0x00000000f17a8000,0x00000000f2000000)
  to   space 9216K, 0% used [0x00000000f0e80000,0x00000000f0e80000,0x00000000f1780000)
 ParOldGen       total 33792K, used 14030K [0x00000000c1c00000, 0x00000000c3d00000, 0x00000000eb400000)
  object space 33792K, 41% used [0x00000000c1c00000,0x00000000c29b3848,0x00000000c3d00000)
 Metaspace       used 33101K, capacity 35354K, committed 35456K, reserved 1079296K
  class space    used 4487K, capacity 4907K, committed 4992K, reserved 1048576K
Event: 18.707 GC heap after
Heap after GC invocations=14 (full 2):
 PSYoungGen      total 101376K, used 0K [0x00000000eb400000, 0x00000000f2e00000, 0x0000000100000000)
  eden space 92672K, 0% used [0x00000000eb400000,0x00000000eb400000,0x00000000f0e80000)
  from space 8704K, 0% used [0x00000000f1780000,0x00000000f1780000,0x00000000f2000000)
  to   space 9216K, 0% used [0x00000000f0e80000,0x00000000f0e80000,0x00000000f1780000)
 ParOldGen       total 43008K, used 11352K [0x00000000c1c00000, 0x00000000c4600000, 0x00000000eb400000)
  object space 43008K, 26% used [0x00000000c1c00000,0x00000000c2716100,0x00000000c4600000)
 Metaspace       used 33101K, capacity 35354K, committed 35456K, reserved 1079296K
  class space    used 4487K, capacity 4907K, committed 4992K, reserved 1048576K
}
Event: 22.985 GC heap before
{Heap before GC invocations=15 (full 2):
 PSYoungGen      total 101376K, used 52025K [0x00000000eb400000, 0x00000000f2e00000, 0x0000000100000000)
  eden space 92672K, 56% used [0x00000000eb400000,0x00000000ee6ce770,0x00000000f0e80000)
  from space 8704K, 0% used [0x00000000f1780000,0x00000000f1780000,0x00000000f2000000)
  to   space 9216K, 0% used [0x00000000f0e80000,0x00000000f0e80000,0x00000000f1780000)
 ParOldGen       total 43008K, used 11352K [0x00000000c1c00000, 0x00000000c4600000, 0x00000000eb400000)
  object space 43008K, 26% used [0x00000000c1c00000,0x00000000c2716100,0x00000000c4600000)
 Metaspace       used 37561K, capacity 40134K, committed 40320K, reserved 1083392K
  class space    used 5029K, capacity 5491K, committed 5504K, reserved 1048576K

