# JRE version: Java(TM) SE Runtime Environment (8.0_271-b09) (build 1.8.0_271-b09)
# Java VM: Java HotSpot(TM) 64-Bit Server VM (25.271-b09 mixed mode windows-amd64 compressed oops)
Heap:
 PSYoungGen      total 72192K, used 49512K [0x00000000eb400000, 0x00000000f2a80000, 0x0000000100000000)
  eden space 63488K, 64% used [0x00000000eb400000,0x00000000edbf9330,0x00000000ef200000)
  from space 8704K, 98% used [0x00000000ef200000,0x00000000efa60f98,0x00000000efa80000)
  to   space 9728K, 0% used [0x00000000f2100000,0x00000000f2100000,0x00000000f2a80000)
 ParOldGen       total 44032K, used 19049K [0x00000000c1c00000, 0x00000000c4700000, 0x00000000eb400000)
  object space 44032K, 43% used [0x00000000c1c00000,0x00000000c2e9a690,0x00000000c4700000)
 Metaspace       used 17993K, capacity 18420K, committed 18688K, reserved 1064960K
  class space    used 2059K, capacity 2187K, committed 2304K, reserved 1048576K
GC Heap History (10 events):
Event: 11.781 GC heap before
{Heap before GC invocations=5 (full 0):
 PSYoungGen      total 18944K, used 18928K [0x00000000eb400000, 0x00000000ed900000, 0x0000000100000000)
  eden space 16384K, 100% used [0x00000000eb400000,0x00000000ec400000,0x00000000ec400000)
  from space 2560K, 99% used [0x00000000ec680000,0x00000000ec8fc030,0x00000000ec900000)
  to   space 2560K, 0% used [0x00000000ec400000,0x00000000ec400000,0x00000000ec680000)
 ParOldGen       total 44032K, used 4967K [0x00000000c1c00000, 0x00000000c4700000, 0x00000000eb400000)
  object space 44032K, 11% used [0x00000000c1c00000,0x00000000c20d9ea0,0x00000000c4700000)
 Metaspace       used 13133K, capacity 13374K, committed 13568K, reserved 1060864K
  class space    used 1623K, capacity 1704K, committed 1792K, reserved 1048576K
Event: 11.803 GC heap after
Heap after GC invocations=5 (full 0):
 PSYoungGen      total 18944K, used 2528K [0x00000000eb400000, 0x00000000edf00000, 0x0000000100000000)
  eden space 16384K, 0% used [0x00000000eb400000,0x00000000eb400000,0x00000000ec400000)
  from space 2560K, 98% used [0x00000000ec400000,0x00000000ec678060,0x00000000ec680000)
  to   space 5632K, 0% used [0x00000000ed980000,0x00000000ed980000,0x00000000edf00000)
 ParOldGen       total 44032K, used 7261K [0x00000000c1c00000, 0x00000000c4700000, 0x00000000eb400000)
  object space 44032K, 16% used [0x00000000c1c00000,0x00000000c2317690,0x00000000c4700000)
 Metaspace       used 13133K, capacity 13374K, committed 13568K, reserved 1060864K
  class space    used 1623K, capacity 1704K, committed 1792K, reserved 1048576K
}
Event: 13.858 GC heap before
{Heap before GC invocations=6 (full 0):
 PSYoungGen      total 18944K, used 18912K [0x00000000eb400000, 0x00000000edf00000, 0x0000000100000000)
  eden space 16384K, 100% used [0x00000000eb400000,0x00000000ec400000,0x00000000ec400000)
  from space 2560K, 98% used [0x00000000ec400000,0x00000000ec678060,0x00000000ec680000)
  to   space 5632K, 0% used [0x00000000ed980000,0x00000000ed980000,0x00000000edf00000)
 ParOldGen       total 44032K, used 7261K [0x00000000c1c00000, 0x00000000c4700000, 0x00000000eb400000)
  object space 44032K, 16% used [0x00000000c1c00000,0x00000000c2317690,0x00000000c4700000)
 Metaspace       used 15085K, capacity 15336K, committed 15616K, reserved 1062912K
  class space    used 1848K, capacity 1940K, committed 2048K, reserved 1048576K
Event: 13.883 GC heap after
Heap after GC invocations=6 (full 0):
 PSYoungGen      total 37888K, used 4860K [0x00000000eb400000, 0x00000000ee000000, 0x0000000100000000)
  eden space 32256K, 0% used [0x00000000eb400000,0x00000000eb400000,0x00000000ed380000)
  from space 5632K, 86% used [0x00000000ed980000,0x00000000ede3f190,0x00000000edf00000)
  to   space 6144K, 0% used [0x00000000ed380000,0x00000000ed380000,0x00000000ed980000)
 ParOldGen       total 44032K, used 7261K [0x00000000c1c00000, 0x00000000c4700000, 0x00000000eb400000)
  object space 44032K, 16% used [0x00000000c1c00000,0x00000000c2317690,0x00000000c4700000)
 Metaspace       used 15085K, capacity 15336K, committed 15616K, reserved 1062912K
  class space    used 1848K, capacity 1940K, committed 2048K, reserved 1048576K
}
Event: 16.358 GC heap before
{Heap before GC invocations=7 (full 0):
 PSYoungGen      total 37888K, used 37116K [0x00000000eb400000, 0x00000000ee000000, 0x0000000100000000)
  eden space 32256K, 100% used [0x00000000eb400000,0x00000000ed380000,0x00000000ed380000)
  from space 5632K, 86% used [0x00000000ed980000,0x00000000ede3f190,0x00000000edf00000)
  to   space 6144K, 0% used [0x00000000ed380000,0x00000000ed380000,0x00000000ed980000)
 ParOldGen       total 44032K, used 7261K [0x00000000c1c00000, 0x00000000c4700000, 0x00000000eb400000)
  object space 44032K, 16% used [0x00000000c1c00000,0x00000000c2317690,0x00000000c4700000)
 Metaspace       used 16197K, capacity 16450K, committed 16640K, reserved 1064960K
  class space    used 1928K, capacity 2010K, committed 2048K, reserved 1048576K
Event: 16.376 GC heap after
Heap after GC invocations=7 (full 0):
 PSYoungGen      total 38400K, used 6137K [0x00000000eb400000, 0x00000000f0200000, 0x0000000100000000)
  eden space 32256K, 0% used [0x00000000eb400000,0x00000000eb400000,0x00000000ed380000)
  from space 6144K, 99% used [0x00000000ed380000,0x00000000ed97e758,0x00000000ed980000)
  to   space 7680K, 0% used [0x00000000efa80000,0x00000000efa80000,0x00000000f0200000)
 ParOldGen       total 44032K, used 9201K [0x00000000c1c00000, 0x00000000c4700000, 0x00000000eb400000)
  object space 44032K, 20% used [0x00000000c1c00000,0x00000000c24fc5c0,0x00000000c4700000)
 Metaspace       used 16197K, capacity 16450K, committed 16640K, reserved 1064960K
  class space    used 1928K, capacity 2010K, committed 2048K, reserved 1048576K
}
Event: 17.813 GC heap before
{Heap before GC invocations=8 (full 0):
 PSYoungGen      total 38400K, used 38393K [0x00000000eb400000, 0x00000000f0200000, 0x0000000100000000)
  eden space 32256K, 100% used [0x00000000eb400000,0x00000000ed380000,0x00000000ed380000)
  from space 6144K, 99% used [0x00000000ed380000,0x00000000ed97e758,0x00000000ed980000)
  to   space 7680K, 0% used [0x00000000efa80000,0x00000000efa80000,0x00000000f0200000)
 ParOldGen       total 44032K, used 9201K [0x00000000c1c00000, 0x00000000c4700000, 0x00000000eb400000)
  object space 44032K, 20% used [0x00000000c1c00000,0x00000000c24fc5c0,0x00000000c4700000)
 Metaspace       used 16549K, capacity 16810K, committed 17152K, reserved 1064960K
  class space    used 1934K, capacity 2016K, committed 2048K, reserved 1048576K
Event: 17.832 GC heap after
Heap after GC invocations=8 (full 0):
 PSYoungGen      total 71168K, used 7232K [0x00000000eb400000, 0x00000000f0400000, 0x0000000100000000)
  eden space 63488K, 0% used [0x00000000eb400000,0x00000000eb400000,0x00000000ef200000)
  from space 7680K, 94% used [0x00000000efa80000,0x00000000f0190020,0x00000000f0200000)
  to   space 8704K, 0% used [0x00000000ef200000,0x00000000ef200000,0x00000000efa80000)
 ParOldGen       total 44032K, used 9689K [0x00000000c1c00000, 0x00000000c4700000, 0x00000000eb400000)
  object space 44032K, 22% used [0x00000000c1c00000,0x00000000c25765c0,0x00000000c4700000)
 Metaspace       used 16549K, capacity 16810K, committed 17152K, reserved 1064960K
  class space    used 1934K, capacity 2016K, committed 2048K, reserved 1048576K
}
Event: 19.922 GC heap before
{Heap before GC invocations=9 (full 0):
 PSYoungGen      total 71168K, used 70657K [0x00000000eb400000, 0x00000000f0400000, 0x0000000100000000)
  eden space 63488K, 99% used [0x00000000eb400000,0x00000000ef1f07c8,0x00000000ef200000)
  from space 7680K, 94% used [0x00000000efa80000,0x00000000f0190020,0x00000000f0200000)
  to   space 8704K, 0% used [0x00000000ef200000,0x00000000ef200000,0x00000000efa80000)
 ParOldGen       total 44032K, used 9689K [0x00000000c1c00000, 0x00000000c4700000, 0x00000000eb400000)
  object space 44032K, 22% used [0x00000000c1c00000,0x00000000c25765c0,0x00000000c4700000)
 Metaspace       used 17920K, capacity 18356K, committed 18688K, reserved 1064960K
  class space    used 2048K, capacity 2187K, committed 2304K, reserved 1048576K
Event: 20.072 GC heap after
Heap after GC invocations=9 (full 0):
 PSYoungGen      total 72192K, used 8579K [0x00000000eb400000, 0x00000000f2a80000, 0x0000000100000000)
  eden space 63488K, 0% used [0x00000000eb400000,0x00000000eb400000,0x00000000ef200000)
  from space 8704K, 98% used [0x00000000ef200000,0x00000000efa60f98,0x00000000efa80000)
  to   space 9728K, 0% used [0x00000000f2100000,0x00000000f2100000,0x00000000f2a80000)
 ParOldGen       total 44032K, used 19049K [0x00000000c1c00000, 0x00000000c4700000, 0x00000000eb400000)
  object space 44032K, 43% used [0x00000000c1c00000,0x00000000c2e9a690,0x00000000c4700000)
 Metaspace       used 17920K, capacity 18356K, committed 18688K, reserved 1064960K
  class space    used 2048K, capacity 2187K, committed 2304K, reserved 1048576K
}

