# JRE version: Java(TM) SE Runtime Environment (8.0_271-b09) (build 1.8.0_271-b09)
# Java VM: Java HotSpot(TM) 64-Bit Server VM (25.271-b09 mixed mode windows-amd64 compressed oops)
Heap:
 PSYoungGen      total 18944K, used 2413K [0x00000000eb400000, 0x00000000ec900000, 0x0000000100000000)
  eden space 16384K, 14% used [0x00000000eb400000,0x00000000eb65b760,0x00000000ec400000)
  from space 2560K, 0% used [0x00000000ec400000,0x00000000ec400000,0x00000000ec680000)
  to   space 2560K, 7% used [0x00000000ec680000,0x00000000ec6b0000,0x00000000ec900000)
 ParOldGen       total 31232K, used 7286K [0x00000000c1c00000, 0x00000000c3a80000, 0x00000000eb400000)
  object space 31232K, 23% used [0x00000000c1c00000,0x00000000c231db80,0x00000000c3a80000)
 Metaspace       used 22211K, capacity 23202K, committed 23296K, reserved 1077248K
  class space    used 3025K, capacity 3269K, committed 3328K, reserved 1048576K
GC Heap History (10 events):
Event: 7.710 GC heap before
{Heap before GC invocations=11 (full 1):
 PSYoungGen      total 18944K, used 17415K [0x00000000eb400000, 0x00000000ec900000, 0x0000000100000000)
  eden space 16384K, 99% used [0x00000000eb400000,0x00000000ec3fcb00,0x00000000ec400000)
  from space 2560K, 40% used [0x00000000ec400000,0x00000000ec505130,0x00000000ec680000)
  to   space 2560K, 0% used [0x00000000ec680000,0x00000000ec680000,0x00000000ec900000)
 ParOldGen       total 31232K, used 6820K [0x00000000c1c00000, 0x00000000c3a80000, 0x00000000eb400000)
  object space 31232K, 21% used [0x00000000c1c00000,0x00000000c22a93d8,0x00000000c3a80000)
 Metaspace       used 19256K, capacity 20166K, committed 20352K, reserved 1067008K
  class space    used 2651K, capacity 2867K, committed 2944K, reserved 1048576K
Event: 7.720 GC heap after
Heap after GC invocations=11 (full 1):
 PSYoungGen      total 18944K, used 263K [0x00000000eb400000, 0x00000000ec900000, 0x0000000100000000)
  eden space 16384K, 0% used [0x00000000eb400000,0x00000000eb400000,0x00000000ec400000)
  from space 2560K, 10% used [0x00000000ec680000,0x00000000ec6c1d50,0x00000000ec900000)
  to   space 2560K, 0% used [0x00000000ec400000,0x00000000ec400000,0x00000000ec680000)
 ParOldGen       total 31232K, used 7699K [0x00000000c1c00000, 0x00000000c3a80000, 0x00000000eb400000)
  object space 31232K, 24% used [0x00000000c1c00000,0x00000000c2384c08,0x00000000c3a80000)
 Metaspace       used 19256K, capacity 20166K, committed 20352K, reserved 1067008K
  class space    used 2651K, capacity 2867K, committed 2944K, reserved 1048576K
}
Event: 8.042 GC heap before
{Heap before GC invocations=12 (full 1):
 PSYoungGen      total 18944K, used 16647K [0x00000000eb400000, 0x00000000ec900000, 0x0000000100000000)
  eden space 16384K, 100% used [0x00000000eb400000,0x00000000ec400000,0x00000000ec400000)
  from space 2560K, 10% used [0x00000000ec680000,0x00000000ec6c1d50,0x00000000ec900000)
  to   space 2560K, 0% used [0x00000000ec400000,0x00000000ec400000,0x00000000ec680000)
 ParOldGen       total 31232K, used 7699K [0x00000000c1c00000, 0x00000000c3a80000, 0x00000000eb400000)
  object space 31232K, 24% used [0x00000000c1c00000,0x00000000c2384c08,0x00000000c3a80000)
 Metaspace       used 20341K, capacity 21242K, committed 21504K, reserved 1069056K
  class space    used 2779K, capacity 2971K, committed 3072K, reserved 1048576K
Event: 8.048 GC heap after
Heap after GC invocations=12 (full 1):
 PSYoungGen      total 18944K, used 1653K [0x00000000eb400000, 0x00000000ec900000, 0x0000000100000000)
  eden space 16384K, 0% used [0x00000000eb400000,0x00000000eb400000,0x00000000ec400000)
  from space 2560K, 64% used [0x00000000ec400000,0x00000000ec59d4e0,0x00000000ec680000)
  to   space 2560K, 0% used [0x00000000ec680000,0x00000000ec680000,0x00000000ec900000)
 ParOldGen       total 31232K, used 7882K [0x00000000c1c00000, 0x00000000c3a80000, 0x00000000eb400000)
  object space 31232K, 25% used [0x00000000c1c00000,0x00000000c23b2958,0x00000000c3a80000)
 Metaspace       used 20341K, capacity 21242K, committed 21504K, reserved 1069056K
  class space    used 2779K, capacity 2971K, committed 3072K, reserved 1048576K
}
Event: 8.348 GC heap before
{Heap before GC invocations=13 (full 1):
 PSYoungGen      total 18944K, used 18037K [0x00000000eb400000, 0x00000000ec900000, 0x0000000100000000)
  eden space 16384K, 100% used [0x00000000eb400000,0x00000000ec400000,0x00000000ec400000)
  from space 2560K, 64% used [0x00000000ec400000,0x00000000ec59d4e0,0x00000000ec680000)
  to   space 2560K, 0% used [0x00000000ec680000,0x00000000ec680000,0x00000000ec900000)
 ParOldGen       total 31232K, used 7882K [0x00000000c1c00000, 0x00000000c3a80000, 0x00000000eb400000)
  object space 31232K, 25% used [0x00000000c1c00000,0x00000000c23b2958,0x00000000c3a80000)
 Metaspace       used 21702K, capacity 22682K, committed 23040K, reserved 1069056K
  class space    used 2958K, capacity 3203K, committed 3328K, reserved 1048576K
Event: 8.353 GC heap after
Heap after GC invocations=13 (full 1):
 PSYoungGen      total 18944K, used 2100K [0x00000000eb400000, 0x00000000ec900000, 0x0000000100000000)
  eden space 16384K, 0% used [0x00000000eb400000,0x00000000eb400000,0x00000000ec400000)
  from space 2560K, 82% used [0x00000000ec680000,0x00000000ec88d1b8,0x00000000ec900000)
  to   space 2560K, 0% used [0x00000000ec400000,0x00000000ec400000,0x00000000ec680000)
 ParOldGen       total 31232K, used 8456K [0x00000000c1c00000, 0x00000000c3a80000, 0x00000000eb400000)
  object space 31232K, 27% used [0x00000000c1c00000,0x00000000c2442168,0x00000000c3a80000)
 Metaspace       used 21702K, capacity 22682K, committed 23040K, reserved 1069056K
  class space    used 2958K, capacity 3203K, committed 3328K, reserved 1048576K
}
Event: 8.398 GC heap before
{Heap before GC invocations=14 (full 1):
 PSYoungGen      total 18944K, used 4797K [0x00000000eb400000, 0x00000000ec900000, 0x0000000100000000)
  eden space 16384K, 16% used [0x00000000eb400000,0x00000000eb6a2408,0x00000000ec400000)
  from space 2560K, 82% used [0x00000000ec680000,0x00000000ec88d1b8,0x00000000ec900000)
  to   space 2560K, 0% used [0x00000000ec400000,0x00000000ec400000,0x00000000ec680000)
 ParOldGen       total 31232K, used 8456K [0x00000000c1c00000, 0x00000000c3a80000, 0x00000000eb400000)
  object space 31232K, 27% used [0x00000000c1c00000,0x00000000c2442168,0x00000000c3a80000)
 Metaspace       used 21969K, capacity 22946K, committed 23040K, reserved 1073152K
  class space    used 2994K, capacity 3251K, committed 3328K, reserved 1048576K
Event: 8.403 GC heap after
Heap after GC invocations=14 (full 1):
 PSYoungGen      total 18944K, used 448K [0x00000000eb400000, 0x00000000ec900000, 0x0000000100000000)
  eden space 16384K, 0% used [0x00000000eb400000,0x00000000eb400000,0x00000000ec400000)
  from space 2560K, 17% used [0x00000000ec400000,0x00000000ec470000,0x00000000ec680000)
  to   space 2560K, 0% used [0x00000000ec680000,0x00000000ec680000,0x00000000ec900000)
 ParOldGen       total 31232K, used 9175K [0x00000000c1c00000, 0x00000000c3a80000, 0x00000000eb400000)
  object space 31232K, 29% used [0x00000000c1c00000,0x00000000c24f5cb0,0x00000000c3a80000)
 Metaspace       used 21969K, capacity 22946K, committed 23040K, reserved 1073152K
  class space    used 2994K, capacity 3251K, committed 3328K, reserved 1048576K
}
Event: 8.403 GC heap before
{Heap before GC invocations=15 (full 2):
 PSYoungGen      total 18944K, used 448K [0x00000000eb400000, 0x00000000ec900000, 0x0000000100000000)
  eden space 16384K, 0% used [0x00000000eb400000,0x00000000eb400000,0x00000000ec400000)
  from space 2560K, 17% used [0x00000000ec400000,0x00000000ec470000,0x00000000ec680000)
  to   space 2560K, 0% used [0x00000000ec680000,0x00000000ec680000,0x00000000ec900000)
 ParOldGen       total 31232K, used 9175K [0x00000000c1c00000, 0x00000000c3a80000, 0x00000000eb400000)
  object space 31232K, 29% used [0x00000000c1c00000,0x00000000c24f5cb0,0x00000000c3a80000)
 Metaspace       used 21969K, capacity 22946K, committed 23040K, reserved 1073152K
  class space    used 2994K, capacity 3251K, committed 3328K, reserved 1048576K
Event: 8.515 GC heap after
Heap after GC invocations=15 (full 2):
 PSYoungGen      total 18944K, used 0K [0x00000000eb400000, 0x00000000ec900000, 0x0000000100000000)
  eden space 16384K, 0% used [0x00000000eb400000,0x00000000eb400000,0x00000000ec400000)
  from space 2560K, 0% used [0x00000000ec400000,0x00000000ec400000,0x00000000ec680000)
  to   space 2560K, 0% used [0x00000000ec680000,0x00000000ec680000,0x00000000ec900000)
 ParOldGen       total 31232K, used 7278K [0x00000000c1c00000, 0x00000000c3a80000, 0x00000000eb400000)
  object space 31232K, 23% used [0x00000000c1c00000,0x00000000c231bb80,0x00000000c3a80000)
 Metaspace       used 21969K, capacity 22946K, committed 23040K, reserved 1071104K
  class space    used 2994K, capacity 3251K, committed 3328K, reserved 1048576K
}

